<?xml version="1.0" encoding="UTF-8"?>
<testsuite name="com.boggle.BoggleLetterTestJunit" tests="1" skipped="1" failures="0" errors="0" timestamp="2020-05-16T18:35:05" hostname="Natashas-MacBook-Air.local" time="5.418">
  <properties/>
  <testcase name="test_BoggleLetterGetters" classname="com.boggle.BoggleLetterTestJunit" time="5.418">
    <skipped/>
  </testcase>
  <system-out><![CDATA[]]></system-out>
  <system-err><![CDATA[]]></system-err>
</testsuite>
