<?xml version="1.0" encoding="UTF-8"?>
<testsuite name="com.boggle.TestWordPrefix" tests="1" skipped="0" failures="0" errors="0" timestamp="2020-05-16T22:37:40" hostname="Natashas-MacBook-Air.local" time="0.032">
  <properties/>
  <testcase name="test_IsWordPrefix" classname="com.boggle.TestWordPrefix" time="0.032"/>
  <system-out><![CDATA[]]></system-out>
  <system-err><![CDATA[]]></system-err>
</testsuite>
